[2019-07-10 21:10:51.379] [exthost] [info] extension host started
[2019-07-10 21:10:51.756] [exthost] [info] extension host started
[2019-07-10 21:10:51.768] [exthost] [info] ExtensionService#_doActivateExtension vscode.debug-auto-launch {"startup":true,"activationEvent":"*"}
[2019-07-10 21:10:51.768] [exthost] [info] ExtensionService#loadCommonJSModule c:\Users\DikhshitRajkhowa\.codemix\engine\resources\app\extensions\debug-auto-launch\dist\extension
[2019-07-10 21:10:51.771] [exthost] [info] ExtensionService#_doActivateExtension vscode.emmet {"startup":true,"activationEvent":"*"}
[2019-07-10 21:10:51.771] [exthost] [info] ExtensionService#loadCommonJSModule c:\Users\DikhshitRajkhowa\.codemix\engine\resources\app\extensions\emmet\dist\extension
[2019-07-10 21:10:51.789] [exthost] [info] ExtensionService#_doActivateExtension vscode.configuration-editing {"startup":false,"activationEvent":"onLanguage:jsonc"}
[2019-07-10 21:10:51.789] [exthost] [info] ExtensionService#loadCommonJSModule c:\Users\DikhshitRajkhowa\.codemix\engine\resources\app\extensions\configuration-editing\dist\extension
[2019-07-10 21:10:51.797] [exthost] [info] ExtensionService#_doActivateExtension vscode.json-language-features {"startup":false,"activationEvent":"onLanguage:jsonc"}
[2019-07-10 21:10:51.797] [exthost] [info] ExtensionService#loadCommonJSModule c:\Users\DikhshitRajkhowa\.codemix\engine\resources\app\extensions\json-language-features\client\dist\jsonMain
[2019-07-10 21:10:51.856] [exthost] [info] ExtensionService#_doActivateExtension vscode.typescript-language-features {"startup":false,"activationEvent":"onLanguage:jsonc"}
[2019-07-10 21:10:51.856] [exthost] [info] ExtensionService#loadCommonJSModule c:\Users\DikhshitRajkhowa\.codemix\engine\resources\app\extensions\typescript-language-features\dist\extension
[2019-07-10 21:10:51.912] [exthost] [info] ExtensionService#_doActivateExtension vscode.grunt {"startup":false,"activationEvent":"onCommand:workbench.action.tasks.runTask"}
[2019-07-10 21:10:51.912] [exthost] [info] ExtensionService#loadCommonJSModule c:\Users\DikhshitRajkhowa\.codemix\engine\resources\app\extensions\grunt\dist\main
[2019-07-10 21:10:51.915] [exthost] [info] ExtensionService#_doActivateExtension vscode.gulp {"startup":false,"activationEvent":"onCommand:workbench.action.tasks.runTask"}
[2019-07-10 21:10:51.915] [exthost] [info] ExtensionService#loadCommonJSModule c:\Users\DikhshitRajkhowa\.codemix\engine\resources\app\extensions\gulp\dist\main
[2019-07-10 21:10:51.919] [exthost] [info] ExtensionService#_doActivateExtension vscode.jake {"startup":false,"activationEvent":"onCommand:workbench.action.tasks.runTask"}
[2019-07-10 21:10:51.919] [exthost] [info] ExtensionService#loadCommonJSModule c:\Users\DikhshitRajkhowa\.codemix\engine\resources\app\extensions\jake\dist\main
[2019-07-10 21:10:51.923] [exthost] [info] ExtensionService#_doActivateExtension vscode.npm {"startup":false,"activationEvent":"onCommand:workbench.action.tasks.runTask"}
[2019-07-10 21:10:51.923] [exthost] [info] ExtensionService#loadCommonJSModule c:\Users\DikhshitRajkhowa\.codemix\engine\resources\app\extensions\npm\dist\main
[2019-07-10 21:10:51.941] [exthost] [info] eager extensions activated
[2019-07-10 21:10:55.361] [exthost] [info] ExtensionService#_doActivateExtension formulahendry.auto-close-tag {"startup":false,"activationEvent":"*"}
[2019-07-10 21:10:55.361] [exthost] [info] ExtensionService#loadCommonJSModule c:\Users\DikhshitRajkhowa\.codemix\extensions\formulahendry.auto-close-tag-0.5.6\out\src\extension
[2019-07-10 21:11:40.490] [exthost] [info] ExtensionService#_doActivateExtension christian-kohler.path-intellisense {"startup":false,"activationEvent":"*"}
[2019-07-10 21:11:40.490] [exthost] [info] ExtensionService#loadCommonJSModule c:\Users\DikhshitRajkhowa\.codemix\extensions\christian-kohler.path-intellisense-1.4.2\out\src\extension
