[2019-07-10 21:10:50.388] [sharedprocess] [info] main {"machineId":"d4beb242720c2fd6ef106b81a6af453004d573f650a6609655414ddcaad78102"}
[2019-07-10 21:10:50.410] [sharedprocess] [info] Scanned user extensions: 0
[2019-07-10 21:10:50.445] [sharedprocess] [info] Scanned user extensions: 0
[2019-07-10 21:10:50.449] [sharedprocess] [info] Scanned system extensions: 71
[2019-07-10 21:10:50.449] [sharedprocess] [info] Scanned user extensions: 0
[2019-07-10 21:10:50.451] [sharedprocess] [info] Scanned user extensions: 0
[2019-07-10 21:10:50.457] [sharedprocess] [info] Scanned user extensions: 0
[2019-07-10 21:10:50.460] [sharedprocess] [info] Scanned user extensions: 0
[2019-07-10 21:10:50.464] [sharedprocess] [info] Scanned user extensions: 0
[2019-07-10 21:10:50.510] [sharedprocess] [info] Scanned system extensions: 71
[2019-07-10 21:10:50.512] [sharedprocess] [info] Scanned system extensions: 71
[2019-07-10 21:10:50.513] [sharedprocess] [info] Scanned system extensions: 71
[2019-07-10 21:10:50.515] [sharedprocess] [info] Scanned system extensions: 71
[2019-07-10 21:10:50.517] [sharedprocess] [info] Scanned system extensions: 71
[2019-07-10 21:10:51.633] [sharedprocess] [info] Scanned user extensions: 0
[2019-07-10 21:10:51.634] [sharedprocess] [info] Installing the extension: codemix.angular
[2019-07-10 21:10:51.654] [sharedprocess] [info] Extracted extension to C:\Users\DikhshitRajkhowa\.codemix\extensions\.codemix.angular-0.9.4: codemix.angular
[2019-07-10 21:10:51.656] [sharedprocess] [info] Renamed to C:\Users\DikhshitRajkhowa\.codemix\extensions\codemix.angular-0.9.4
[2019-07-10 21:10:51.657] [sharedprocess] [info] Installation completed. codemix.angular
[2019-07-10 21:10:51.658] [sharedprocess] [info] Successfully installed the extension: codemix.angular
[2019-07-10 21:10:51.665] [sharedprocess] [info] Scanned user extensions: 1
[2019-07-10 21:10:51.685] [sharedprocess] [info] Scanned system extensions: 71
[2019-07-10 21:10:51.699] [sharedprocess] [info] Scanned user extensions: 1
[2019-07-10 21:10:55.179] [sharedprocess] [info] Scanned user extensions: 1
[2019-07-10 21:10:55.180] [sharedprocess] [info] Installing the extension: formulahendry.auto-close-tag
[2019-07-10 21:10:55.292] [sharedprocess] [info] Extracted extension to C:\Users\DikhshitRajkhowa\.codemix\extensions\.formulahendry.auto-close-tag-0.5.6: formulahendry.auto-close-tag
[2019-07-10 21:10:55.293] [sharedprocess] [info] Renamed to C:\Users\DikhshitRajkhowa\.codemix\extensions\formulahendry.auto-close-tag-0.5.6
[2019-07-10 21:10:55.296] [sharedprocess] [info] Installation completed. formulahendry.auto-close-tag
[2019-07-10 21:10:55.296] [sharedprocess] [info] Successfully installed the extension: formulahendry.auto-close-tag
[2019-07-10 21:10:55.330] [sharedprocess] [info] Scanned user extensions: 2
[2019-07-10 21:10:55.348] [sharedprocess] [info] Scanned system extensions: 71
[2019-07-10 21:10:55.364] [sharedprocess] [info] Scanned user extensions: 2
[2019-07-10 21:11:11.803] [sharedprocess] [info] Scanned user extensions: 2
[2019-07-10 21:11:11.803] [sharedprocess] [info] Installing the extension: mkaufman.htmlhint
[2019-07-10 21:11:30.402] [sharedprocess] [info] Starting to clean up unused language packs.
[2019-07-10 21:11:37.668] [sharedprocess] [info] Extracted extension to C:\Users\DikhshitRajkhowa\.codemix\extensions\.mkaufman.htmlhint-0.6.0: mkaufman.htmlhint
[2019-07-10 21:11:37.671] [sharedprocess] [info] Renamed to C:\Users\DikhshitRajkhowa\.codemix\extensions\mkaufman.htmlhint-0.6.0
[2019-07-10 21:11:37.673] [sharedprocess] [info] Installation completed. mkaufman.htmlhint
[2019-07-10 21:11:37.673] [sharedprocess] [info] Successfully installed the extension: mkaufman.htmlhint
[2019-07-10 21:11:37.703] [sharedprocess] [info] Scanned user extensions: 3
[2019-07-10 21:11:37.736] [sharedprocess] [info] Scanned system extensions: 71
[2019-07-10 21:11:37.752] [sharedprocess] [info] Scanned user extensions: 3
[2019-07-10 21:11:37.770] [sharedprocess] [info] Scanned user extensions: 3
[2019-07-10 21:11:37.770] [sharedprocess] [info] Installing the extension: ms-vscode.vscode-typescript-tslint-plugin
[2019-07-10 21:11:39.624] [sharedprocess] [info] Extracted extension to C:\Users\DikhshitRajkhowa\.codemix\extensions\.ms-vscode.vscode-typescript-tslint-plugin-1.1.0: ms-vscode.vscode-typescript-tslint-plugin
[2019-07-10 21:11:39.626] [sharedprocess] [info] Renamed to C:\Users\DikhshitRajkhowa\.codemix\extensions\ms-vscode.vscode-typescript-tslint-plugin-1.1.0
[2019-07-10 21:11:39.629] [sharedprocess] [info] Installation completed. ms-vscode.vscode-typescript-tslint-plugin
[2019-07-10 21:11:39.630] [sharedprocess] [info] Successfully installed the extension: ms-vscode.vscode-typescript-tslint-plugin
[2019-07-10 21:11:39.648] [sharedprocess] [info] Scanned user extensions: 4
[2019-07-10 21:11:39.660] [sharedprocess] [info] Scanned system extensions: 71
[2019-07-10 21:11:39.676] [sharedprocess] [info] Scanned user extensions: 4
[2019-07-10 21:11:39.692] [sharedprocess] [info] Scanned user extensions: 4
[2019-07-10 21:11:39.692] [sharedprocess] [info] Installing the extension: codemix.web
[2019-07-10 21:11:39.707] [sharedprocess] [info] Extracted extension to C:\Users\DikhshitRajkhowa\.codemix\extensions\.codemix.web-0.9.6: codemix.web
[2019-07-10 21:11:39.708] [sharedprocess] [info] Renamed to C:\Users\DikhshitRajkhowa\.codemix\extensions\codemix.web-0.9.6
[2019-07-10 21:11:39.709] [sharedprocess] [info] Installation completed. codemix.web
[2019-07-10 21:11:39.709] [sharedprocess] [info] Successfully installed the extension: codemix.web
[2019-07-10 21:11:39.716] [sharedprocess] [info] Scanned user extensions: 5
[2019-07-10 21:11:39.731] [sharedprocess] [info] Scanned system extensions: 71
[2019-07-10 21:11:39.746] [sharedprocess] [info] Scanned user extensions: 5
[2019-07-10 21:11:39.780] [sharedprocess] [info] Scanned user extensions: 5
[2019-07-10 21:11:39.780] [sharedprocess] [info] Installing the extension: christian-kohler.path-intellisense
[2019-07-10 21:11:40.467] [sharedprocess] [info] Extracted extension to C:\Users\DikhshitRajkhowa\.codemix\extensions\.christian-kohler.path-intellisense-1.4.2: christian-kohler.path-intellisense
[2019-07-10 21:11:40.468] [sharedprocess] [info] Renamed to C:\Users\DikhshitRajkhowa\.codemix\extensions\christian-kohler.path-intellisense-1.4.2
[2019-07-10 21:11:40.470] [sharedprocess] [info] Installation completed. christian-kohler.path-intellisense
[2019-07-10 21:11:40.470] [sharedprocess] [info] Successfully installed the extension: christian-kohler.path-intellisense
[2019-07-10 21:11:40.486] [sharedprocess] [info] Scanned user extensions: 6
[2019-07-10 21:11:40.499] [sharedprocess] [info] Scanned system extensions: 71
[2019-07-10 21:11:40.514] [sharedprocess] [info] Scanned user extensions: 6
[2019-07-10 21:11:40.682] [sharedprocess] [info] Scanned user extensions: 6
[2019-07-10 21:11:40.682] [sharedprocess] [info] Installing the extension: codemix.node
[2019-07-10 21:11:40.807] [sharedprocess] [info] Extracted extension to C:\Users\DikhshitRajkhowa\.codemix\extensions\.codemix.node-0.9.3: codemix.node
[2019-07-10 21:11:40.916] [sharedprocess] [info] Renamed to C:\Users\DikhshitRajkhowa\.codemix\extensions\codemix.node-0.9.3
[2019-07-10 21:11:40.920] [sharedprocess] [info] Installation completed. codemix.node
[2019-07-10 21:11:40.921] [sharedprocess] [info] Successfully installed the extension: codemix.node
[2019-07-10 21:11:40.938] [sharedprocess] [info] Scanned user extensions: 7
[2019-07-10 21:11:40.964] [sharedprocess] [info] Scanned system extensions: 71
[2019-07-10 21:11:40.985] [sharedprocess] [info] Scanned user extensions: 7
[2019-07-10 21:11:41.025] [sharedprocess] [info] Scanned user extensions: 7
[2019-07-10 21:11:41.025] [sharedprocess] [info] Installing the extension: formulahendry.code-runner
[2019-07-10 21:11:43.852] [sharedprocess] [info] Extracted extension to C:\Users\DikhshitRajkhowa\.codemix\extensions\.formulahendry.code-runner-0.9.10: formulahendry.code-runner
[2019-07-10 21:11:43.854] [sharedprocess] [info] Renamed to C:\Users\DikhshitRajkhowa\.codemix\extensions\formulahendry.code-runner-0.9.10
[2019-07-10 21:11:43.857] [sharedprocess] [info] Installation completed. formulahendry.code-runner
[2019-07-10 21:11:43.857] [sharedprocess] [info] Successfully installed the extension: formulahendry.code-runner
[2019-07-10 21:11:43.898] [sharedprocess] [info] Scanned user extensions: 8
[2019-07-10 21:11:43.911] [sharedprocess] [info] Scanned system extensions: 71
[2019-07-10 21:11:43.927] [sharedprocess] [info] Scanned user extensions: 8
[2019-07-10 21:11:43.962] [sharedprocess] [info] Scanned user extensions: 8
[2019-07-10 21:11:43.962] [sharedprocess] [info] Installing the extension: msjsdiag.debugger-for-chrome
